<?xml version="1.0" encoding="UTF-8"?>
<!-- Generated by org.testng.reporters.JUnitXMLReporter -->
<testsuite ignored="0" hostname="DESKTOP-C7VM6JP" failures="11" tests="17" name="RegressionSuite" time="396.629" errors="0" timestamp="2023-12-05T13:38:48 IST">
  <testcase classname="SnapPass_UserTestPackage.SnapPassUserPlaceOrderFromCheckOutPage" name="@BeforeMethod verify_Catergory_list" time="21.73">
    <failure type="org.openqa.selenium.WebDriverException" message="An unknown server-side error occurred while processing the command. Original error: disconnected: not connected to DevTools
  (failed to check if window was closed: disconnected: not connected to DevTools)
  (Session info: chrome=119.0.6045.163)
Build info: version: &amp;apos;4.15.0&amp;apos;, revision: &amp;apos;1d14b5521b&amp;apos;
System info: os.name: &amp;apos;Windows 10&amp;apos;, os.arch: &amp;apos;amd64&amp;apos;, os.version: &amp;apos;10.0&amp;apos;, java.version: &amp;apos;17.0.7&amp;apos;
Driver info: io.appium.java_client.android.AndroidDriver
Command: [e1b68504-e73c-4a7c-86ac-0bcdd7425b74, findElement {using=xpath, value=//ion-tab-button[@tab=&amp;apos;cart&amp;apos;]}]
Capabilities {appium:app: C:\Users\Admin\Desktop\Snap..., appium:appPackage: com.prado.snapapp, appium:automationName: UiAutomator2, appium:databaseEnabled: false, appium:desired: {app: C:\Users\Admin\Desktop\Snap..., automationName: UiAutomator2, deviceName: Mark, hideKeyboard: true, platformName: ANDROID}, appium:deviceApiLevel: 33, appium:deviceManufacturer: samsung, appium:deviceModel: SM-G985F, appium:deviceName: R58N21Y68ZE, appium:deviceScreenDensity: 600, appium:deviceScreenSize: 1440x3200, appium:deviceUDID: R58N21Y68ZE, appium:hideKeyboard: true, appium:javascriptEnabled: true, appium:locationContextEnabled: false, appium:networkConnectionEnabled: true, appium:pixelRatio: 3.75, appium:platformVersion: 13, appium:statBarHeight: 97, appium:takesScreenshot: true, appium:viewportRect: {height: 2826, left: 0, top: 97, width: 1440}, appium:warnings: {}, appium:webStorageEnabled: false, platformName: ANDROID}
Session ID: e1b68504-e73c-4a7c-86ac-0bcdd7425b74">
      <![CDATA[org.openqa.selenium.WebDriverException: An unknown server-side error occurred while processing the command. Original error: disconnected: not connected to DevTools
  (failed to check if window was closed: disconnected: not connected to DevTools)
  (Session info: chrome=119.0.6045.163)
Build info: version: '4.15.0', revision: '1d14b5521b'
System info: os.name: 'Windows 10', os.arch: 'amd64', os.version: '10.0', java.version: '17.0.7'
Driver info: io.appium.java_client.android.AndroidDriver
Command: [e1b68504-e73c-4a7c-86ac-0bcdd7425b74, findElement {using=xpath, value=//ion-tab-button[@tab='cart']}]
Capabilities {appium:app: C:\Users\Admin\Desktop\Snap..., appium:appPackage: com.prado.snapapp, appium:automationName: UiAutomator2, appium:databaseEnabled: false, appium:desired: {app: C:\Users\Admin\Desktop\Snap..., automationName: UiAutomator2, deviceName: Mark, hideKeyboard: true, platformName: ANDROID}, appium:deviceApiLevel: 33, appium:deviceManufacturer: samsung, appium:deviceModel: SM-G985F, appium:deviceName: R58N21Y68ZE, appium:deviceScreenDensity: 600, appium:deviceScreenSize: 1440x3200, appium:deviceUDID: R58N21Y68ZE, appium:hideKeyboard: true, appium:javascriptEnabled: true, appium:locationContextEnabled: false, appium:networkConnectionEnabled: true, appium:pixelRatio: 3.75, appium:platformVersion: 13, appium:statBarHeight: 97, appium:takesScreenshot: true, appium:viewportRect: {height: 2826, left: 0, top: 97, width: 1440}, appium:warnings: {}, appium:webStorageEnabled: false, platformName: ANDROID}
Session ID: e1b68504-e73c-4a7c-86ac-0bcdd7425b74
at org.openqa.selenium.remote.codec.w3c.W3CHttpResponseCodec.createException(W3CHttpResponseCodec.java:200)
at org.openqa.selenium.remote.codec.w3c.W3CHttpResponseCodec.decode(W3CHttpResponseCodec.java:133)
at org.openqa.selenium.remote.codec.w3c.W3CHttpResponseCodec.decode(W3CHttpResponseCodec.java:52)
at org.openqa.selenium.remote.HttpCommandExecutor.execute(HttpCommandExecutor.java:191)
at io.appium.java_client.remote.AppiumCommandExecutor.execute(AppiumCommandExecutor.java:238)
at org.openqa.selenium.remote.RemoteWebDriver.execute(RemoteWebDriver.java:607)
at org.openqa.selenium.remote.ElementLocation$ElementFinder$2.findElement(ElementLocation.java:165)
at org.openqa.selenium.remote.ElementLocation.findElement(ElementLocation.java:59)
at org.openqa.selenium.remote.RemoteWebDriver.findElement(RemoteWebDriver.java:364)
at org.openqa.selenium.remote.RemoteWebDriver.findElement(RemoteWebDriver.java:358)
at org.openqa.selenium.support.pagefactory.DefaultElementLocator.findElement(DefaultElementLocator.java:68)
at org.openqa.selenium.support.pagefactory.internal.LocatingElementHandler.invoke(LocatingElementHandler.java:38)
at jdk.proxy2/jdk.proxy2.$Proxy13.click(Unknown Source)
at Pom_package.Snap_Kitchen.RegisterUser_AddProduct.cart_footer(RegisterUser_AddProduct.java:43)
at SnapPass_UserTestPackage.SnapPassUserPlaceOrderFromCheckOutPage.verify_Catergory_list(SnapPassUserPlaceOrderFromCheckOutPage.java:84)
at java.base/java.util.ArrayList.forEach(ArrayList.java:1511)
... Removed 36 stack frames]]>
    </failure>
  </testcase> <!-- @BeforeMethod verify_Catergory_list -->
  <testcase classname="SnapPass_UserTestPackage.SnapUserLogin_TestClass" name="login_snap_ktichen" time="10.675"/>
  <testcase classname="SnapPass_UserTestPackage.SnapUser_EnterZipcode_TestClasss" name="EnterZipcode" time="12.031"/>
  <testcase classname="SnapPass_UserTestPackage.SnapProductListingPage" name="verify_Catergory_list" time="2.194"/>
  <testcase classname="SnapPass_UserTestPackage.SnapPassUser_CheckoutInfoPage_1" name="VerifyCheckoutInfoPage" time="47.72"/>
  <testcase classname="SnapPass_UserTestPackage.SnapUserCheckoutInfo_Page2" name="verifyCheckoutPage2" time="5.606">
    <failure type="org.openqa.selenium.WebDriverException" message="An unknown server-side error occurred while processing the command. Original error: disconnected: not connected to DevTools
  (failed to check if window was closed: disconnected: not connected to DevTools)
  (Session info: chrome=119.0.6045.163)
Build info: version: &amp;apos;4.15.0&amp;apos;, revision: &amp;apos;1d14b5521b&amp;apos;
System info: os.name: &amp;apos;Windows 10&amp;apos;, os.arch: &amp;apos;amd64&amp;apos;, os.version: &amp;apos;10.0&amp;apos;, java.version: &amp;apos;17.0.7&amp;apos;
Driver info: io.appium.java_client.android.AndroidDriver
Command: [a13c0b86-e305-4792-af8c-e84cf0fd5866, findElement {using=xpath, value=//*[contains(text(),&amp;apos;DISCOUNTS&amp;apos;)]}]
Capabilities {appium:app: C:\Users\Admin\Desktop\Snap..., appium:appPackage: com.prado.snapapp, appium:automationName: UiAutomator2, appium:databaseEnabled: false, appium:desired: {app: C:\Users\Admin\Desktop\Snap..., automationName: UiAutomator2, deviceName: Mark, hideKeyboard: true, platformName: ANDROID}, appium:deviceApiLevel: 33, appium:deviceManufacturer: samsung, appium:deviceModel: SM-G985F, appium:deviceName: R58N21Y68ZE, appium:deviceScreenDensity: 600, appium:deviceScreenSize: 1440x3200, appium:deviceUDID: R58N21Y68ZE, appium:hideKeyboard: true, appium:javascriptEnabled: true, appium:locationContextEnabled: false, appium:networkConnectionEnabled: true, appium:pixelRatio: 3.75, appium:platformVersion: 13, appium:statBarHeight: 97, appium:takesScreenshot: true, appium:viewportRect: {height: 2826, left: 0, top: 97, width: 1440}, appium:warnings: {}, appium:webStorageEnabled: false, platformName: ANDROID}
Session ID: a13c0b86-e305-4792-af8c-e84cf0fd5866">
      <![CDATA[org.openqa.selenium.WebDriverException: An unknown server-side error occurred while processing the command. Original error: disconnected: not connected to DevTools
  (failed to check if window was closed: disconnected: not connected to DevTools)
  (Session info: chrome=119.0.6045.163)
Build info: version: '4.15.0', revision: '1d14b5521b'
System info: os.name: 'Windows 10', os.arch: 'amd64', os.version: '10.0', java.version: '17.0.7'
Driver info: io.appium.java_client.android.AndroidDriver
Command: [a13c0b86-e305-4792-af8c-e84cf0fd5866, findElement {using=xpath, value=//*[contains(text(),'DISCOUNTS')]}]
Capabilities {appium:app: C:\Users\Admin\Desktop\Snap..., appium:appPackage: com.prado.snapapp, appium:automationName: UiAutomator2, appium:databaseEnabled: false, appium:desired: {app: C:\Users\Admin\Desktop\Snap..., automationName: UiAutomator2, deviceName: Mark, hideKeyboard: true, platformName: ANDROID}, appium:deviceApiLevel: 33, appium:deviceManufacturer: samsung, appium:deviceModel: SM-G985F, appium:deviceName: R58N21Y68ZE, appium:deviceScreenDensity: 600, appium:deviceScreenSize: 1440x3200, appium:deviceUDID: R58N21Y68ZE, appium:hideKeyboard: true, appium:javascriptEnabled: true, appium:locationContextEnabled: false, appium:networkConnectionEnabled: true, appium:pixelRatio: 3.75, appium:platformVersion: 13, appium:statBarHeight: 97, appium:takesScreenshot: true, appium:viewportRect: {height: 2826, left: 0, top: 97, width: 1440}, appium:warnings: {}, appium:webStorageEnabled: false, platformName: ANDROID}
Session ID: a13c0b86-e305-4792-af8c-e84cf0fd5866
at org.openqa.selenium.remote.codec.w3c.W3CHttpResponseCodec.createException(W3CHttpResponseCodec.java:200)
at org.openqa.selenium.remote.codec.w3c.W3CHttpResponseCodec.decode(W3CHttpResponseCodec.java:133)
at org.openqa.selenium.remote.codec.w3c.W3CHttpResponseCodec.decode(W3CHttpResponseCodec.java:52)
at org.openqa.selenium.remote.HttpCommandExecutor.execute(HttpCommandExecutor.java:191)
at io.appium.java_client.remote.AppiumCommandExecutor.execute(AppiumCommandExecutor.java:238)
at org.openqa.selenium.remote.RemoteWebDriver.execute(RemoteWebDriver.java:607)
at org.openqa.selenium.remote.ElementLocation$ElementFinder$2.findElement(ElementLocation.java:165)
at org.openqa.selenium.remote.ElementLocation.findElement(ElementLocation.java:59)
at org.openqa.selenium.remote.RemoteWebDriver.findElement(RemoteWebDriver.java:364)
at org.openqa.selenium.remote.RemoteWebDriver.findElement(RemoteWebDriver.java:358)
at SnapPass_UserTestPackage.SnapUserCheckoutInfo_Page2.verifyCheckoutPage2(SnapUserCheckoutInfo_Page2.java:91)
at java.base/java.util.ArrayList.forEach(ArrayList.java:1511)
... Removed 32 stack frames]]>
    </failure>
  </testcase> <!-- verifyCheckoutPage2 -->
  <testcase classname="SnapPass_UserTestPackage.SnapPassUserPlaceOrderFromCheckOutPage" name="PlaceOrderFromCheckoutToThankyouPage" time="0.0">
    <skipped/>
  </testcase> <!-- PlaceOrderFromCheckoutToThankyouPage -->
  <testcase classname="SnapPass_UserTestPackage.VerifyUser_CreateSnappass_PlaceOrder" name="Start_appium" time="17.789"/>
  <testcase classname="SnapPass_UserTestPackage.VerifyUser_CreateSnappass_PlaceOrder" name="LoginUser" time="10.707">
    <failure type="java.lang.NullPointerException" message="Cannot invoke &amp;quot;com.aventstack.extentreports.ExtentTest.log(com.aventstack.extentreports.Status, String)&amp;quot; because &amp;quot;this.test&amp;quot; is null">
      <![CDATA[java.lang.NullPointerException: Cannot invoke "com.aventstack.extentreports.ExtentTest.log(com.aventstack.extentreports.Status, String)" because "this.test" is null
at SnapPass_UserTestPackage.VerifyUser_CreateSnappass_PlaceOrder.LoginUser(VerifyUser_CreateSnappass_PlaceOrder.java:78)
at java.base/java.util.ArrayList.forEach(ArrayList.java:1511)
... Removed 27 stack frames]]>
    </failure>
  </testcase> <!-- LoginUser -->
  <testcase classname="SnapPass_UserTestPackage.VerifyUser_CreateSnappass_PlaceOrder" name="verify_Catergory_list" time="1.238">
    <failure type="java.lang.NullPointerException" message="Cannot invoke &amp;quot;com.aventstack.extentreports.ExtentTest.log(com.aventstack.extentreports.Status, String)&amp;quot; because &amp;quot;this.test&amp;quot; is null">
      <![CDATA[java.lang.NullPointerException: Cannot invoke "com.aventstack.extentreports.ExtentTest.log(com.aventstack.extentreports.Status, String)" because "this.test" is null
at SnapPass_UserTestPackage.VerifyUser_CreateSnappass_PlaceOrder.verify_Catergory_list(VerifyUser_CreateSnappass_PlaceOrder.java:101)
at java.base/java.util.ArrayList.forEach(ArrayList.java:1511)
... Removed 27 stack frames]]>
    </failure>
  </testcase> <!-- verify_Catergory_list -->
  <testcase classname="SnapPass_UserTestPackage.VerifyUser_CreateSnappass_PlaceOrder" name="VerifyOrderandSelectAddress" time="0.096">
    <failure type="org.openqa.selenium.NoSuchElementException" message="no such element: Unable to locate element: {&amp;quot;method&amp;quot;:&amp;quot;xpath&amp;quot;,&amp;quot;selector&amp;quot;:&amp;quot;//*[@class=&amp;apos;-sticky-container&amp;apos;]//button&amp;quot;}
  (Session info: chrome=119.0.6045.163)
For documentation on this error, please visit: https://www.selenium.dev/documentation/webdriver/troubleshooting/errors#no-such-element-exception
Build info: version: &amp;apos;4.15.0&amp;apos;, revision: &amp;apos;1d14b5521b&amp;apos;
System info: os.name: &amp;apos;Windows 10&amp;apos;, os.arch: &amp;apos;amd64&amp;apos;, os.version: &amp;apos;10.0&amp;apos;, java.version: &amp;apos;17.0.7&amp;apos;
Driver info: io.appium.java_client.android.AndroidDriver
Command: [5950d36e-f4c4-41e0-a3f1-8b1d51d161e0, findElement {using=xpath, value=//*[@class=&amp;apos;-sticky-container&amp;apos;]//button}]
Capabilities {appium:app: C:\Users\Admin\Desktop\Snap..., appium:appPackage: com.prado.snapapp, appium:automationName: UiAutomator2, appium:databaseEnabled: false, appium:desired: {app: C:\Users\Admin\Desktop\Snap..., automationName: UiAutomator2, deviceName: Mark, hideKeyboard: true, platformName: ANDROID}, appium:deviceApiLevel: 33, appium:deviceManufacturer: samsung, appium:deviceModel: SM-G985F, appium:deviceName: R58N21Y68ZE, appium:deviceScreenDensity: 600, appium:deviceScreenSize: 1440x3200, appium:deviceUDID: R58N21Y68ZE, appium:hideKeyboard: true, appium:javascriptEnabled: true, appium:locationContextEnabled: false, appium:networkConnectionEnabled: true, appium:pixelRatio: 3.75, appium:platformVersion: 13, appium:statBarHeight: 97, appium:takesScreenshot: true, appium:viewportRect: {height: 2826, left: 0, top: 97, width: 1440}, appium:warnings: {}, appium:webStorageEnabled: false, platformName: ANDROID}
Session ID: 5950d36e-f4c4-41e0-a3f1-8b1d51d161e0">
      <![CDATA[org.openqa.selenium.NoSuchElementException: no such element: Unable to locate element: {"method":"xpath","selector":"//*[@class='-sticky-container']//button"}
  (Session info: chrome=119.0.6045.163)
For documentation on this error, please visit: https://www.selenium.dev/documentation/webdriver/troubleshooting/errors#no-such-element-exception
Build info: version: '4.15.0', revision: '1d14b5521b'
System info: os.name: 'Windows 10', os.arch: 'amd64', os.version: '10.0', java.version: '17.0.7'
Driver info: io.appium.java_client.android.AndroidDriver
Command: [5950d36e-f4c4-41e0-a3f1-8b1d51d161e0, findElement {using=xpath, value=//*[@class='-sticky-container']//button}]
Capabilities {appium:app: C:\Users\Admin\Desktop\Snap..., appium:appPackage: com.prado.snapapp, appium:automationName: UiAutomator2, appium:databaseEnabled: false, appium:desired: {app: C:\Users\Admin\Desktop\Snap..., automationName: UiAutomator2, deviceName: Mark, hideKeyboard: true, platformName: ANDROID}, appium:deviceApiLevel: 33, appium:deviceManufacturer: samsung, appium:deviceModel: SM-G985F, appium:deviceName: R58N21Y68ZE, appium:deviceScreenDensity: 600, appium:deviceScreenSize: 1440x3200, appium:deviceUDID: R58N21Y68ZE, appium:hideKeyboard: true, appium:javascriptEnabled: true, appium:locationContextEnabled: false, appium:networkConnectionEnabled: true, appium:pixelRatio: 3.75, appium:platformVersion: 13, appium:statBarHeight: 97, appium:takesScreenshot: true, appium:viewportRect: {height: 2826, left: 0, top: 97, width: 1440}, appium:warnings: {}, appium:webStorageEnabled: false, platformName: ANDROID}
Session ID: 5950d36e-f4c4-41e0-a3f1-8b1d51d161e0
at org.openqa.selenium.remote.codec.w3c.W3CHttpResponseCodec.createException(W3CHttpResponseCodec.java:200)
at org.openqa.selenium.remote.codec.w3c.W3CHttpResponseCodec.decode(W3CHttpResponseCodec.java:133)
at org.openqa.selenium.remote.codec.w3c.W3CHttpResponseCodec.decode(W3CHttpResponseCodec.java:52)
at org.openqa.selenium.remote.HttpCommandExecutor.execute(HttpCommandExecutor.java:191)
at io.appium.java_client.remote.AppiumCommandExecutor.execute(AppiumCommandExecutor.java:238)
at org.openqa.selenium.remote.RemoteWebDriver.execute(RemoteWebDriver.java:607)
at org.openqa.selenium.remote.ElementLocation$ElementFinder$2.findElement(ElementLocation.java:165)
at org.openqa.selenium.remote.ElementLocation.findElement(ElementLocation.java:59)
at org.openqa.selenium.remote.RemoteWebDriver.findElement(RemoteWebDriver.java:364)
at org.openqa.selenium.remote.RemoteWebDriver.findElement(RemoteWebDriver.java:358)
at org.openqa.selenium.support.pagefactory.DefaultElementLocator.findElement(DefaultElementLocator.java:68)
at org.openqa.selenium.support.pagefactory.internal.LocatingElementHandler.invoke(LocatingElementHandler.java:38)
at jdk.proxy2/jdk.proxy2.$Proxy13.isEnabled(Unknown Source)
at Snappass_User_Pom.SnapPassUserCheckountInformationPage2.Checkoutbutton(SnapPassUserCheckountInformationPage2.java:41)
at SnapPass_UserTestPackage.VerifyUser_CreateSnappass_PlaceOrder.VerifyOrderandSelectAddress(VerifyUser_CreateSnappass_PlaceOrder.java:112)
at java.base/java.util.ArrayList.forEach(ArrayList.java:1511)
... Removed 32 stack frames]]>
    </failure>
  </testcase> <!-- VerifyOrderandSelectAddress -->
  <testcase classname="SnapPass_UserTestPackage.VerifyUser_CreateSnappass_PlaceOrder" name="SelectDeliverydate_and_DeliveryWinow" time="3.097">
    <failure type="org.openqa.selenium.NoSuchElementException" message="no such element: Unable to locate element: {&amp;quot;method&amp;quot;:&amp;quot;xpath&amp;quot;,&amp;quot;selector&amp;quot;:&amp;quot;//input[@id=&amp;apos;undefined&amp;apos;]&amp;quot;}
  (Session info: chrome=119.0.6045.163)
For documentation on this error, please visit: https://www.selenium.dev/documentation/webdriver/troubleshooting/errors#no-such-element-exception
Build info: version: &amp;apos;4.15.0&amp;apos;, revision: &amp;apos;1d14b5521b&amp;apos;
System info: os.name: &amp;apos;Windows 10&amp;apos;, os.arch: &amp;apos;amd64&amp;apos;, os.version: &amp;apos;10.0&amp;apos;, java.version: &amp;apos;17.0.7&amp;apos;
Driver info: io.appium.java_client.android.AndroidDriver
Command: [5950d36e-f4c4-41e0-a3f1-8b1d51d161e0, findElement {using=xpath, value=//input[@id=&amp;apos;undefined&amp;apos;]}]
Capabilities {appium:app: C:\Users\Admin\Desktop\Snap..., appium:appPackage: com.prado.snapapp, appium:automationName: UiAutomator2, appium:databaseEnabled: false, appium:desired: {app: C:\Users\Admin\Desktop\Snap..., automationName: UiAutomator2, deviceName: Mark, hideKeyboard: true, platformName: ANDROID}, appium:deviceApiLevel: 33, appium:deviceManufacturer: samsung, appium:deviceModel: SM-G985F, appium:deviceName: R58N21Y68ZE, appium:deviceScreenDensity: 600, appium:deviceScreenSize: 1440x3200, appium:deviceUDID: R58N21Y68ZE, appium:hideKeyboard: true, appium:javascriptEnabled: true, appium:locationContextEnabled: false, appium:networkConnectionEnabled: true, appium:pixelRatio: 3.75, appium:platformVersion: 13, appium:statBarHeight: 97, appium:takesScreenshot: true, appium:viewportRect: {height: 2826, left: 0, top: 97, width: 1440}, appium:warnings: {}, appium:webStorageEnabled: false, platformName: ANDROID}
Session ID: 5950d36e-f4c4-41e0-a3f1-8b1d51d161e0">
      <![CDATA[org.openqa.selenium.NoSuchElementException: no such element: Unable to locate element: {"method":"xpath","selector":"//input[@id='undefined']"}
  (Session info: chrome=119.0.6045.163)
For documentation on this error, please visit: https://www.selenium.dev/documentation/webdriver/troubleshooting/errors#no-such-element-exception
Build info: version: '4.15.0', revision: '1d14b5521b'
System info: os.name: 'Windows 10', os.arch: 'amd64', os.version: '10.0', java.version: '17.0.7'
Driver info: io.appium.java_client.android.AndroidDriver
Command: [5950d36e-f4c4-41e0-a3f1-8b1d51d161e0, findElement {using=xpath, value=//input[@id='undefined']}]
Capabilities {appium:app: C:\Users\Admin\Desktop\Snap..., appium:appPackage: com.prado.snapapp, appium:automationName: UiAutomator2, appium:databaseEnabled: false, appium:desired: {app: C:\Users\Admin\Desktop\Snap..., automationName: UiAutomator2, deviceName: Mark, hideKeyboard: true, platformName: ANDROID}, appium:deviceApiLevel: 33, appium:deviceManufacturer: samsung, appium:deviceModel: SM-G985F, appium:deviceName: R58N21Y68ZE, appium:deviceScreenDensity: 600, appium:deviceScreenSize: 1440x3200, appium:deviceUDID: R58N21Y68ZE, appium:hideKeyboard: true, appium:javascriptEnabled: true, appium:locationContextEnabled: false, appium:networkConnectionEnabled: true, appium:pixelRatio: 3.75, appium:platformVersion: 13, appium:statBarHeight: 97, appium:takesScreenshot: true, appium:viewportRect: {height: 2826, left: 0, top: 97, width: 1440}, appium:warnings: {}, appium:webStorageEnabled: false, platformName: ANDROID}
Session ID: 5950d36e-f4c4-41e0-a3f1-8b1d51d161e0
at org.openqa.selenium.remote.codec.w3c.W3CHttpResponseCodec.createException(W3CHttpResponseCodec.java:200)
at org.openqa.selenium.remote.codec.w3c.W3CHttpResponseCodec.decode(W3CHttpResponseCodec.java:133)
at org.openqa.selenium.remote.codec.w3c.W3CHttpResponseCodec.decode(W3CHttpResponseCodec.java:52)
at org.openqa.selenium.remote.HttpCommandExecutor.execute(HttpCommandExecutor.java:191)
at io.appium.java_client.remote.AppiumCommandExecutor.execute(AppiumCommandExecutor.java:238)
at org.openqa.selenium.remote.RemoteWebDriver.execute(RemoteWebDriver.java:607)
at org.openqa.selenium.remote.ElementLocation$ElementFinder$2.findElement(ElementLocation.java:165)
at org.openqa.selenium.remote.ElementLocation.findElement(ElementLocation.java:59)
at org.openqa.selenium.remote.RemoteWebDriver.findElement(RemoteWebDriver.java:364)
at org.openqa.selenium.remote.RemoteWebDriver.findElement(RemoteWebDriver.java:358)
at org.openqa.selenium.support.pagefactory.DefaultElementLocator.findElement(DefaultElementLocator.java:68)
at org.openqa.selenium.support.pagefactory.internal.LocatingElementHandler.invoke(LocatingElementHandler.java:38)
at jdk.proxy2/jdk.proxy2.$Proxy13.click(Unknown Source)
at Snappass_User_Pom.SnapPassUserCheckoutInformationPage.DeliveryDatePicker(SnapPassUserCheckoutInformationPage.java:124)
at SnapPass_UserTestPackage.VerifyUser_CreateSnappass_PlaceOrder.SelectDeliverydate_and_DeliveryWinow(VerifyUser_CreateSnappass_PlaceOrder.java:138)
at java.base/java.util.ArrayList.forEach(ArrayList.java:1511)
... Removed 32 stack frames]]>
    </failure>
  </testcase> <!-- SelectDeliverydate_and_DeliveryWinow -->
  <testcase classname="SnapPass_UserTestPackage.VerifyUser_CreateSnappass_PlaceOrder" name="SelectDeliveryFreqency_And_EnterSnapPassName" time="2.102">
    <failure type="org.openqa.selenium.NoSuchElementException" message="no such element: Unable to locate element: {&amp;quot;method&amp;quot;:&amp;quot;xpath&amp;quot;,&amp;quot;selector&amp;quot;:&amp;quot;//*[contains(text(),&amp;apos;Deliveries Frequency&amp;apos;)]&amp;quot;}
  (Session info: chrome=119.0.6045.163)
For documentation on this error, please visit: https://www.selenium.dev/documentation/webdriver/troubleshooting/errors#no-such-element-exception
Build info: version: &amp;apos;4.15.0&amp;apos;, revision: &amp;apos;1d14b5521b&amp;apos;
System info: os.name: &amp;apos;Windows 10&amp;apos;, os.arch: &amp;apos;amd64&amp;apos;, os.version: &amp;apos;10.0&amp;apos;, java.version: &amp;apos;17.0.7&amp;apos;
Driver info: io.appium.java_client.android.AndroidDriver
Command: [5950d36e-f4c4-41e0-a3f1-8b1d51d161e0, findElement {using=xpath, value=//*[contains(text(),&amp;apos;Deliveries Frequency&amp;apos;)]}]
Capabilities {appium:app: C:\Users\Admin\Desktop\Snap..., appium:appPackage: com.prado.snapapp, appium:automationName: UiAutomator2, appium:databaseEnabled: false, appium:desired: {app: C:\Users\Admin\Desktop\Snap..., automationName: UiAutomator2, deviceName: Mark, hideKeyboard: true, platformName: ANDROID}, appium:deviceApiLevel: 33, appium:deviceManufacturer: samsung, appium:deviceModel: SM-G985F, appium:deviceName: R58N21Y68ZE, appium:deviceScreenDensity: 600, appium:deviceScreenSize: 1440x3200, appium:deviceUDID: R58N21Y68ZE, appium:hideKeyboard: true, appium:javascriptEnabled: true, appium:locationContextEnabled: false, appium:networkConnectionEnabled: true, appium:pixelRatio: 3.75, appium:platformVersion: 13, appium:statBarHeight: 97, appium:takesScreenshot: true, appium:viewportRect: {height: 2826, left: 0, top: 97, width: 1440}, appium:warnings: {}, appium:webStorageEnabled: false, platformName: ANDROID}
Session ID: 5950d36e-f4c4-41e0-a3f1-8b1d51d161e0">
      <![CDATA[org.openqa.selenium.NoSuchElementException: no such element: Unable to locate element: {"method":"xpath","selector":"//*[contains(text(),'Deliveries Frequency')]"}
  (Session info: chrome=119.0.6045.163)
For documentation on this error, please visit: https://www.selenium.dev/documentation/webdriver/troubleshooting/errors#no-such-element-exception
Build info: version: '4.15.0', revision: '1d14b5521b'
System info: os.name: 'Windows 10', os.arch: 'amd64', os.version: '10.0', java.version: '17.0.7'
Driver info: io.appium.java_client.android.AndroidDriver
Command: [5950d36e-f4c4-41e0-a3f1-8b1d51d161e0, findElement {using=xpath, value=//*[contains(text(),'Deliveries Frequency')]}]
Capabilities {appium:app: C:\Users\Admin\Desktop\Snap..., appium:appPackage: com.prado.snapapp, appium:automationName: UiAutomator2, appium:databaseEnabled: false, appium:desired: {app: C:\Users\Admin\Desktop\Snap..., automationName: UiAutomator2, deviceName: Mark, hideKeyboard: true, platformName: ANDROID}, appium:deviceApiLevel: 33, appium:deviceManufacturer: samsung, appium:deviceModel: SM-G985F, appium:deviceName: R58N21Y68ZE, appium:deviceScreenDensity: 600, appium:deviceScreenSize: 1440x3200, appium:deviceUDID: R58N21Y68ZE, appium:hideKeyboard: true, appium:javascriptEnabled: true, appium:locationContextEnabled: false, appium:networkConnectionEnabled: true, appium:pixelRatio: 3.75, appium:platformVersion: 13, appium:statBarHeight: 97, appium:takesScreenshot: true, appium:viewportRect: {height: 2826, left: 0, top: 97, width: 1440}, appium:warnings: {}, appium:webStorageEnabled: false, platformName: ANDROID}
Session ID: 5950d36e-f4c4-41e0-a3f1-8b1d51d161e0
at org.openqa.selenium.remote.codec.w3c.W3CHttpResponseCodec.createException(W3CHttpResponseCodec.java:200)
at org.openqa.selenium.remote.codec.w3c.W3CHttpResponseCodec.decode(W3CHttpResponseCodec.java:133)
at org.openqa.selenium.remote.codec.w3c.W3CHttpResponseCodec.decode(W3CHttpResponseCodec.java:52)
at org.openqa.selenium.remote.HttpCommandExecutor.execute(HttpCommandExecutor.java:191)
at io.appium.java_client.remote.AppiumCommandExecutor.execute(AppiumCommandExecutor.java:238)
at org.openqa.selenium.remote.RemoteWebDriver.execute(RemoteWebDriver.java:607)
at org.openqa.selenium.remote.ElementLocation$ElementFinder$2.findElement(ElementLocation.java:165)
at org.openqa.selenium.remote.ElementLocation.findElement(ElementLocation.java:59)
at org.openqa.selenium.remote.RemoteWebDriver.findElement(RemoteWebDriver.java:364)
at org.openqa.selenium.remote.RemoteWebDriver.findElement(RemoteWebDriver.java:358)
at SnapPass_UserTestPackage.VerifyUser_CreateSnappass_PlaceOrder.SelectDeliveryFreqency_And_EnterSnapPassName(VerifyUser_CreateSnappass_PlaceOrder.java:177)
at java.base/java.util.ArrayList.forEach(ArrayList.java:1511)
... Removed 32 stack frames]]>
    </failure>
  </testcase> <!-- SelectDeliveryFreqency_And_EnterSnapPassName -->
  <testcase classname="SnapPass_UserTestPackage.VerifyUser_CreateSnappass_PlaceOrder" name="SelectingCheckboxForDeliveryAtDoor" time="1.115">
    <failure type="org.openqa.selenium.NoSuchElementException" message="no such element: Unable to locate element: {&amp;quot;method&amp;quot;:&amp;quot;xpath&amp;quot;,&amp;quot;selector&amp;quot;:&amp;quot;//div[@class=&amp;apos;-group -delivey-door-or-gate-consent&amp;apos;]&amp;quot;}
  (Session info: chrome=119.0.6045.163)
For documentation on this error, please visit: https://www.selenium.dev/documentation/webdriver/troubleshooting/errors#no-such-element-exception
Build info: version: &amp;apos;4.15.0&amp;apos;, revision: &amp;apos;1d14b5521b&amp;apos;
System info: os.name: &amp;apos;Windows 10&amp;apos;, os.arch: &amp;apos;amd64&amp;apos;, os.version: &amp;apos;10.0&amp;apos;, java.version: &amp;apos;17.0.7&amp;apos;
Driver info: io.appium.java_client.android.AndroidDriver
Command: [5950d36e-f4c4-41e0-a3f1-8b1d51d161e0, findElement {using=xpath, value=//div[@class=&amp;apos;-group -delivey-door-or-gate-consent&amp;apos;]}]
Capabilities {appium:app: C:\Users\Admin\Desktop\Snap..., appium:appPackage: com.prado.snapapp, appium:automationName: UiAutomator2, appium:databaseEnabled: false, appium:desired: {app: C:\Users\Admin\Desktop\Snap..., automationName: UiAutomator2, deviceName: Mark, hideKeyboard: true, platformName: ANDROID}, appium:deviceApiLevel: 33, appium:deviceManufacturer: samsung, appium:deviceModel: SM-G985F, appium:deviceName: R58N21Y68ZE, appium:deviceScreenDensity: 600, appium:deviceScreenSize: 1440x3200, appium:deviceUDID: R58N21Y68ZE, appium:hideKeyboard: true, appium:javascriptEnabled: true, appium:locationContextEnabled: false, appium:networkConnectionEnabled: true, appium:pixelRatio: 3.75, appium:platformVersion: 13, appium:statBarHeight: 97, appium:takesScreenshot: true, appium:viewportRect: {height: 2826, left: 0, top: 97, width: 1440}, appium:warnings: {}, appium:webStorageEnabled: false, platformName: ANDROID}
Session ID: 5950d36e-f4c4-41e0-a3f1-8b1d51d161e0">
      <![CDATA[org.openqa.selenium.NoSuchElementException: no such element: Unable to locate element: {"method":"xpath","selector":"//div[@class='-group -delivey-door-or-gate-consent']"}
  (Session info: chrome=119.0.6045.163)
For documentation on this error, please visit: https://www.selenium.dev/documentation/webdriver/troubleshooting/errors#no-such-element-exception
Build info: version: '4.15.0', revision: '1d14b5521b'
System info: os.name: 'Windows 10', os.arch: 'amd64', os.version: '10.0', java.version: '17.0.7'
Driver info: io.appium.java_client.android.AndroidDriver
Command: [5950d36e-f4c4-41e0-a3f1-8b1d51d161e0, findElement {using=xpath, value=//div[@class='-group -delivey-door-or-gate-consent']}]
Capabilities {appium:app: C:\Users\Admin\Desktop\Snap..., appium:appPackage: com.prado.snapapp, appium:automationName: UiAutomator2, appium:databaseEnabled: false, appium:desired: {app: C:\Users\Admin\Desktop\Snap..., automationName: UiAutomator2, deviceName: Mark, hideKeyboard: true, platformName: ANDROID}, appium:deviceApiLevel: 33, appium:deviceManufacturer: samsung, appium:deviceModel: SM-G985F, appium:deviceName: R58N21Y68ZE, appium:deviceScreenDensity: 600, appium:deviceScreenSize: 1440x3200, appium:deviceUDID: R58N21Y68ZE, appium:hideKeyboard: true, appium:javascriptEnabled: true, appium:locationContextEnabled: false, appium:networkConnectionEnabled: true, appium:pixelRatio: 3.75, appium:platformVersion: 13, appium:statBarHeight: 97, appium:takesScreenshot: true, appium:viewportRect: {height: 2826, left: 0, top: 97, width: 1440}, appium:warnings: {}, appium:webStorageEnabled: false, platformName: ANDROID}
Session ID: 5950d36e-f4c4-41e0-a3f1-8b1d51d161e0
at org.openqa.selenium.remote.codec.w3c.W3CHttpResponseCodec.createException(W3CHttpResponseCodec.java:200)
at org.openqa.selenium.remote.codec.w3c.W3CHttpResponseCodec.decode(W3CHttpResponseCodec.java:133)
at org.openqa.selenium.remote.codec.w3c.W3CHttpResponseCodec.decode(W3CHttpResponseCodec.java:52)
at org.openqa.selenium.remote.HttpCommandExecutor.execute(HttpCommandExecutor.java:191)
at io.appium.java_client.remote.AppiumCommandExecutor.execute(AppiumCommandExecutor.java:238)
at org.openqa.selenium.remote.RemoteWebDriver.execute(RemoteWebDriver.java:607)
at org.openqa.selenium.remote.ElementLocation$ElementFinder$2.findElement(ElementLocation.java:165)
at org.openqa.selenium.remote.ElementLocation.findElement(ElementLocation.java:59)
at org.openqa.selenium.remote.RemoteWebDriver.findElement(RemoteWebDriver.java:364)
at org.openqa.selenium.remote.RemoteWebDriver.findElement(RemoteWebDriver.java:358)
at SnapPass_UserTestPackage.VerifyUser_CreateSnappass_PlaceOrder.SelectingCheckboxForDeliveryAtDoor(VerifyUser_CreateSnappass_PlaceOrder.java:211)
at java.base/java.util.ArrayList.forEach(ArrayList.java:1511)
... Removed 32 stack frames]]>
    </failure>
  </testcase> <!-- SelectingCheckboxForDeliveryAtDoor -->
  <testcase classname="SnapPass_UserTestPackage.VerifyUser_CreateSnappass_PlaceOrder" name="Verify_And_Selecting_LoyaltyPoints_From_Disccount_Frame" time="0.086">
    <failure type="org.openqa.selenium.NoSuchElementException" message="no such element: Unable to locate element: {&amp;quot;method&amp;quot;:&amp;quot;xpath&amp;quot;,&amp;quot;selector&amp;quot;:&amp;quot;//*[contains(text(),&amp;apos;DISCOUNTS&amp;apos;)]&amp;quot;}
  (Session info: chrome=119.0.6045.163)
For documentation on this error, please visit: https://www.selenium.dev/documentation/webdriver/troubleshooting/errors#no-such-element-exception
Build info: version: &amp;apos;4.15.0&amp;apos;, revision: &amp;apos;1d14b5521b&amp;apos;
System info: os.name: &amp;apos;Windows 10&amp;apos;, os.arch: &amp;apos;amd64&amp;apos;, os.version: &amp;apos;10.0&amp;apos;, java.version: &amp;apos;17.0.7&amp;apos;
Driver info: io.appium.java_client.android.AndroidDriver
Command: [5950d36e-f4c4-41e0-a3f1-8b1d51d161e0, findElement {using=xpath, value=//*[contains(text(),&amp;apos;DISCOUNTS&amp;apos;)]}]
Capabilities {appium:app: C:\Users\Admin\Desktop\Snap..., appium:appPackage: com.prado.snapapp, appium:automationName: UiAutomator2, appium:databaseEnabled: false, appium:desired: {app: C:\Users\Admin\Desktop\Snap..., automationName: UiAutomator2, deviceName: Mark, hideKeyboard: true, platformName: ANDROID}, appium:deviceApiLevel: 33, appium:deviceManufacturer: samsung, appium:deviceModel: SM-G985F, appium:deviceName: R58N21Y68ZE, appium:deviceScreenDensity: 600, appium:deviceScreenSize: 1440x3200, appium:deviceUDID: R58N21Y68ZE, appium:hideKeyboard: true, appium:javascriptEnabled: true, appium:locationContextEnabled: false, appium:networkConnectionEnabled: true, appium:pixelRatio: 3.75, appium:platformVersion: 13, appium:statBarHeight: 97, appium:takesScreenshot: true, appium:viewportRect: {height: 2826, left: 0, top: 97, width: 1440}, appium:warnings: {}, appium:webStorageEnabled: false, platformName: ANDROID}
Session ID: 5950d36e-f4c4-41e0-a3f1-8b1d51d161e0">
      <![CDATA[org.openqa.selenium.NoSuchElementException: no such element: Unable to locate element: {"method":"xpath","selector":"//*[contains(text(),'DISCOUNTS')]"}
  (Session info: chrome=119.0.6045.163)
For documentation on this error, please visit: https://www.selenium.dev/documentation/webdriver/troubleshooting/errors#no-such-element-exception
Build info: version: '4.15.0', revision: '1d14b5521b'
System info: os.name: 'Windows 10', os.arch: 'amd64', os.version: '10.0', java.version: '17.0.7'
Driver info: io.appium.java_client.android.AndroidDriver
Command: [5950d36e-f4c4-41e0-a3f1-8b1d51d161e0, findElement {using=xpath, value=//*[contains(text(),'DISCOUNTS')]}]
Capabilities {appium:app: C:\Users\Admin\Desktop\Snap..., appium:appPackage: com.prado.snapapp, appium:automationName: UiAutomator2, appium:databaseEnabled: false, appium:desired: {app: C:\Users\Admin\Desktop\Snap..., automationName: UiAutomator2, deviceName: Mark, hideKeyboard: true, platformName: ANDROID}, appium:deviceApiLevel: 33, appium:deviceManufacturer: samsung, appium:deviceModel: SM-G985F, appium:deviceName: R58N21Y68ZE, appium:deviceScreenDensity: 600, appium:deviceScreenSize: 1440x3200, appium:deviceUDID: R58N21Y68ZE, appium:hideKeyboard: true, appium:javascriptEnabled: true, appium:locationContextEnabled: false, appium:networkConnectionEnabled: true, appium:pixelRatio: 3.75, appium:platformVersion: 13, appium:statBarHeight: 97, appium:takesScreenshot: true, appium:viewportRect: {height: 2826, left: 0, top: 97, width: 1440}, appium:warnings: {}, appium:webStorageEnabled: false, platformName: ANDROID}
Session ID: 5950d36e-f4c4-41e0-a3f1-8b1d51d161e0
at org.openqa.selenium.remote.codec.w3c.W3CHttpResponseCodec.createException(W3CHttpResponseCodec.java:200)
at org.openqa.selenium.remote.codec.w3c.W3CHttpResponseCodec.decode(W3CHttpResponseCodec.java:133)
at org.openqa.selenium.remote.codec.w3c.W3CHttpResponseCodec.decode(W3CHttpResponseCodec.java:52)
at org.openqa.selenium.remote.HttpCommandExecutor.execute(HttpCommandExecutor.java:191)
at io.appium.java_client.remote.AppiumCommandExecutor.execute(AppiumCommandExecutor.java:238)
at org.openqa.selenium.remote.RemoteWebDriver.execute(RemoteWebDriver.java:607)
at org.openqa.selenium.remote.ElementLocation$ElementFinder$2.findElement(ElementLocation.java:165)
at org.openqa.selenium.remote.ElementLocation.findElement(ElementLocation.java:59)
at org.openqa.selenium.remote.RemoteWebDriver.findElement(RemoteWebDriver.java:364)
at org.openqa.selenium.remote.RemoteWebDriver.findElement(RemoteWebDriver.java:358)
at SnapPass_UserTestPackage.VerifyUser_CreateSnappass_PlaceOrder.Verify_And_Selecting_LoyaltyPoints_From_Disccount_Frame(VerifyUser_CreateSnappass_PlaceOrder.java:226)
at java.base/java.util.ArrayList.forEach(ArrayList.java:1511)
... Removed 32 stack frames]]>
    </failure>
  </testcase> <!-- Verify_And_Selecting_LoyaltyPoints_From_Disccount_Frame -->
  <testcase classname="SnapPass_UserTestPackage.VerifyUser_CreateSnappass_PlaceOrder" name="VerifyPaymentMethodFrame_And_Select_PaymentMethod" time="0.097">
    <failure type="org.openqa.selenium.NoSuchElementException" message="no such element: Unable to locate element: {&amp;quot;method&amp;quot;:&amp;quot;xpath&amp;quot;,&amp;quot;selector&amp;quot;:&amp;quot;//*[contains(text(),&amp;apos;PAYMENT METHOD&amp;apos;)]&amp;quot;}
  (Session info: chrome=119.0.6045.163)
For documentation on this error, please visit: https://www.selenium.dev/documentation/webdriver/troubleshooting/errors#no-such-element-exception
Build info: version: &amp;apos;4.15.0&amp;apos;, revision: &amp;apos;1d14b5521b&amp;apos;
System info: os.name: &amp;apos;Windows 10&amp;apos;, os.arch: &amp;apos;amd64&amp;apos;, os.version: &amp;apos;10.0&amp;apos;, java.version: &amp;apos;17.0.7&amp;apos;
Driver info: io.appium.java_client.android.AndroidDriver
Command: [5950d36e-f4c4-41e0-a3f1-8b1d51d161e0, findElement {using=xpath, value=//*[contains(text(),&amp;apos;PAYMENT METHOD&amp;apos;)]}]
Capabilities {appium:app: C:\Users\Admin\Desktop\Snap..., appium:appPackage: com.prado.snapapp, appium:automationName: UiAutomator2, appium:databaseEnabled: false, appium:desired: {app: C:\Users\Admin\Desktop\Snap..., automationName: UiAutomator2, deviceName: Mark, hideKeyboard: true, platformName: ANDROID}, appium:deviceApiLevel: 33, appium:deviceManufacturer: samsung, appium:deviceModel: SM-G985F, appium:deviceName: R58N21Y68ZE, appium:deviceScreenDensity: 600, appium:deviceScreenSize: 1440x3200, appium:deviceUDID: R58N21Y68ZE, appium:hideKeyboard: true, appium:javascriptEnabled: true, appium:locationContextEnabled: false, appium:networkConnectionEnabled: true, appium:pixelRatio: 3.75, appium:platformVersion: 13, appium:statBarHeight: 97, appium:takesScreenshot: true, appium:viewportRect: {height: 2826, left: 0, top: 97, width: 1440}, appium:warnings: {}, appium:webStorageEnabled: false, platformName: ANDROID}
Session ID: 5950d36e-f4c4-41e0-a3f1-8b1d51d161e0">
      <![CDATA[org.openqa.selenium.NoSuchElementException: no such element: Unable to locate element: {"method":"xpath","selector":"//*[contains(text(),'PAYMENT METHOD')]"}
  (Session info: chrome=119.0.6045.163)
For documentation on this error, please visit: https://www.selenium.dev/documentation/webdriver/troubleshooting/errors#no-such-element-exception
Build info: version: '4.15.0', revision: '1d14b5521b'
System info: os.name: 'Windows 10', os.arch: 'amd64', os.version: '10.0', java.version: '17.0.7'
Driver info: io.appium.java_client.android.AndroidDriver
Command: [5950d36e-f4c4-41e0-a3f1-8b1d51d161e0, findElement {using=xpath, value=//*[contains(text(),'PAYMENT METHOD')]}]
Capabilities {appium:app: C:\Users\Admin\Desktop\Snap..., appium:appPackage: com.prado.snapapp, appium:automationName: UiAutomator2, appium:databaseEnabled: false, appium:desired: {app: C:\Users\Admin\Desktop\Snap..., automationName: UiAutomator2, deviceName: Mark, hideKeyboard: true, platformName: ANDROID}, appium:deviceApiLevel: 33, appium:deviceManufacturer: samsung, appium:deviceModel: SM-G985F, appium:deviceName: R58N21Y68ZE, appium:deviceScreenDensity: 600, appium:deviceScreenSize: 1440x3200, appium:deviceUDID: R58N21Y68ZE, appium:hideKeyboard: true, appium:javascriptEnabled: true, appium:locationContextEnabled: false, appium:networkConnectionEnabled: true, appium:pixelRatio: 3.75, appium:platformVersion: 13, appium:statBarHeight: 97, appium:takesScreenshot: true, appium:viewportRect: {height: 2826, left: 0, top: 97, width: 1440}, appium:warnings: {}, appium:webStorageEnabled: false, platformName: ANDROID}
Session ID: 5950d36e-f4c4-41e0-a3f1-8b1d51d161e0
at org.openqa.selenium.remote.codec.w3c.W3CHttpResponseCodec.createException(W3CHttpResponseCodec.java:200)
at org.openqa.selenium.remote.codec.w3c.W3CHttpResponseCodec.decode(W3CHttpResponseCodec.java:133)
at org.openqa.selenium.remote.codec.w3c.W3CHttpResponseCodec.decode(W3CHttpResponseCodec.java:52)
at org.openqa.selenium.remote.HttpCommandExecutor.execute(HttpCommandExecutor.java:191)
at io.appium.java_client.remote.AppiumCommandExecutor.execute(AppiumCommandExecutor.java:238)
at org.openqa.selenium.remote.RemoteWebDriver.execute(RemoteWebDriver.java:607)
at org.openqa.selenium.remote.ElementLocation$ElementFinder$2.findElement(ElementLocation.java:165)
at org.openqa.selenium.remote.ElementLocation.findElement(ElementLocation.java:59)
at org.openqa.selenium.remote.RemoteWebDriver.findElement(RemoteWebDriver.java:364)
at org.openqa.selenium.remote.RemoteWebDriver.findElement(RemoteWebDriver.java:358)
at org.openqa.selenium.support.pagefactory.DefaultElementLocator.findElement(DefaultElementLocator.java:68)
at org.openqa.selenium.support.pagefactory.internal.LocatingElementHandler.invoke(LocatingElementHandler.java:38)
at jdk.proxy2/jdk.proxy2.$Proxy13.getText(Unknown Source)
at Snappass_User_Pom.SnapPassUserCheckountInformationPage2.PaymentFrameLable(SnapPassUserCheckountInformationPage2.java:84)
at SnapPass_UserTestPackage.VerifyUser_CreateSnappass_PlaceOrder.VerifyPaymentMethodFrame_And_Select_PaymentMethod(VerifyUser_CreateSnappass_PlaceOrder.java:262)
at java.base/java.util.ArrayList.forEach(ArrayList.java:1511)
... Removed 32 stack frames]]>
    </failure>
  </testcase> <!-- VerifyPaymentMethodFrame_And_Select_PaymentMethod -->
  <testcase classname="SnapPass_UserTestPackage.VerifyUser_CreateSnappass_PlaceOrder" name="CheckThePageInfo_And_check_TermsConditons" time="0.092">
    <failure type="org.openqa.selenium.NoSuchElementException" message="no such element: Unable to locate element: {&amp;quot;method&amp;quot;:&amp;quot;xpath&amp;quot;,&amp;quot;selector&amp;quot;:&amp;quot;//*[contains(text(),&amp;apos; *With your Snap Pass membership,&amp;apos;)]&amp;quot;}
  (Session info: chrome=119.0.6045.163)
For documentation on this error, please visit: https://www.selenium.dev/documentation/webdriver/troubleshooting/errors#no-such-element-exception
Build info: version: &amp;apos;4.15.0&amp;apos;, revision: &amp;apos;1d14b5521b&amp;apos;
System info: os.name: &amp;apos;Windows 10&amp;apos;, os.arch: &amp;apos;amd64&amp;apos;, os.version: &amp;apos;10.0&amp;apos;, java.version: &amp;apos;17.0.7&amp;apos;
Driver info: io.appium.java_client.android.AndroidDriver
Command: [5950d36e-f4c4-41e0-a3f1-8b1d51d161e0, findElement {using=xpath, value=//*[contains(text(),&amp;apos; *With your Snap Pass membership,&amp;apos;)]}]
Capabilities {appium:app: C:\Users\Admin\Desktop\Snap..., appium:appPackage: com.prado.snapapp, appium:automationName: UiAutomator2, appium:databaseEnabled: false, appium:desired: {app: C:\Users\Admin\Desktop\Snap..., automationName: UiAutomator2, deviceName: Mark, hideKeyboard: true, platformName: ANDROID}, appium:deviceApiLevel: 33, appium:deviceManufacturer: samsung, appium:deviceModel: SM-G985F, appium:deviceName: R58N21Y68ZE, appium:deviceScreenDensity: 600, appium:deviceScreenSize: 1440x3200, appium:deviceUDID: R58N21Y68ZE, appium:hideKeyboard: true, appium:javascriptEnabled: true, appium:locationContextEnabled: false, appium:networkConnectionEnabled: true, appium:pixelRatio: 3.75, appium:platformVersion: 13, appium:statBarHeight: 97, appium:takesScreenshot: true, appium:viewportRect: {height: 2826, left: 0, top: 97, width: 1440}, appium:warnings: {}, appium:webStorageEnabled: false, platformName: ANDROID}
Session ID: 5950d36e-f4c4-41e0-a3f1-8b1d51d161e0">
      <![CDATA[org.openqa.selenium.NoSuchElementException: no such element: Unable to locate element: {"method":"xpath","selector":"//*[contains(text(),' *With your Snap Pass membership,')]"}
  (Session info: chrome=119.0.6045.163)
For documentation on this error, please visit: https://www.selenium.dev/documentation/webdriver/troubleshooting/errors#no-such-element-exception
Build info: version: '4.15.0', revision: '1d14b5521b'
System info: os.name: 'Windows 10', os.arch: 'amd64', os.version: '10.0', java.version: '17.0.7'
Driver info: io.appium.java_client.android.AndroidDriver
Command: [5950d36e-f4c4-41e0-a3f1-8b1d51d161e0, findElement {using=xpath, value=//*[contains(text(),' *With your Snap Pass membership,')]}]
Capabilities {appium:app: C:\Users\Admin\Desktop\Snap..., appium:appPackage: com.prado.snapapp, appium:automationName: UiAutomator2, appium:databaseEnabled: false, appium:desired: {app: C:\Users\Admin\Desktop\Snap..., automationName: UiAutomator2, deviceName: Mark, hideKeyboard: true, platformName: ANDROID}, appium:deviceApiLevel: 33, appium:deviceManufacturer: samsung, appium:deviceModel: SM-G985F, appium:deviceName: R58N21Y68ZE, appium:deviceScreenDensity: 600, appium:deviceScreenSize: 1440x3200, appium:deviceUDID: R58N21Y68ZE, appium:hideKeyboard: true, appium:javascriptEnabled: true, appium:locationContextEnabled: false, appium:networkConnectionEnabled: true, appium:pixelRatio: 3.75, appium:platformVersion: 13, appium:statBarHeight: 97, appium:takesScreenshot: true, appium:viewportRect: {height: 2826, left: 0, top: 97, width: 1440}, appium:warnings: {}, appium:webStorageEnabled: false, platformName: ANDROID}
Session ID: 5950d36e-f4c4-41e0-a3f1-8b1d51d161e0
at org.openqa.selenium.remote.codec.w3c.W3CHttpResponseCodec.createException(W3CHttpResponseCodec.java:200)
at org.openqa.selenium.remote.codec.w3c.W3CHttpResponseCodec.decode(W3CHttpResponseCodec.java:133)
at org.openqa.selenium.remote.codec.w3c.W3CHttpResponseCodec.decode(W3CHttpResponseCodec.java:52)
at org.openqa.selenium.remote.HttpCommandExecutor.execute(HttpCommandExecutor.java:191)
at io.appium.java_client.remote.AppiumCommandExecutor.execute(AppiumCommandExecutor.java:238)
at org.openqa.selenium.remote.RemoteWebDriver.execute(RemoteWebDriver.java:607)
at org.openqa.selenium.remote.ElementLocation$ElementFinder$2.findElement(ElementLocation.java:165)
at org.openqa.selenium.remote.ElementLocation.findElement(ElementLocation.java:59)
at org.openqa.selenium.remote.RemoteWebDriver.findElement(RemoteWebDriver.java:364)
at org.openqa.selenium.remote.RemoteWebDriver.findElement(RemoteWebDriver.java:358)
at org.openqa.selenium.support.pagefactory.DefaultElementLocator.findElement(DefaultElementLocator.java:68)
at org.openqa.selenium.support.pagefactory.internal.LocatingElementHandler.invoke(LocatingElementHandler.java:38)
at jdk.proxy2/jdk.proxy2.$Proxy13.getText(Unknown Source)
at Snappass_User_Pom.SnapPassUserCheckountInformationPage2.GetCheckoutText(SnapPassUserCheckountInformationPage2.java:101)
at SnapPass_UserTestPackage.VerifyUser_CreateSnappass_PlaceOrder.CheckThePageInfo_And_check_TermsConditons(VerifyUser_CreateSnappass_PlaceOrder.java:286)
at java.base/java.util.ArrayList.forEach(ArrayList.java:1511)
... Removed 32 stack frames]]>
    </failure>
  </testcase> <!-- CheckThePageInfo_And_check_TermsConditons -->
  <testcase classname="SnapPass_UserTestPackage.VerifyUser_CreateSnappass_PlaceOrder" name="ConfrimTheOrder_and_ThankyouPage" time="0.09">
    <failure type="org.openqa.selenium.NoSuchElementException" message="no such element: Unable to locate element: {&amp;quot;method&amp;quot;:&amp;quot;xpath&amp;quot;,&amp;quot;selector&amp;quot;:&amp;quot;//button[@id=&amp;apos;confirmorder-button&amp;apos;]&amp;quot;}
  (Session info: chrome=119.0.6045.163)
For documentation on this error, please visit: https://www.selenium.dev/documentation/webdriver/troubleshooting/errors#no-such-element-exception
Build info: version: &amp;apos;4.15.0&amp;apos;, revision: &amp;apos;1d14b5521b&amp;apos;
System info: os.name: &amp;apos;Windows 10&amp;apos;, os.arch: &amp;apos;amd64&amp;apos;, os.version: &amp;apos;10.0&amp;apos;, java.version: &amp;apos;17.0.7&amp;apos;
Driver info: io.appium.java_client.android.AndroidDriver
Command: [5950d36e-f4c4-41e0-a3f1-8b1d51d161e0, findElement {using=xpath, value=//button[@id=&amp;apos;confirmorder-button&amp;apos;]}]
Capabilities {appium:app: C:\Users\Admin\Desktop\Snap..., appium:appPackage: com.prado.snapapp, appium:automationName: UiAutomator2, appium:databaseEnabled: false, appium:desired: {app: C:\Users\Admin\Desktop\Snap..., automationName: UiAutomator2, deviceName: Mark, hideKeyboard: true, platformName: ANDROID}, appium:deviceApiLevel: 33, appium:deviceManufacturer: samsung, appium:deviceModel: SM-G985F, appium:deviceName: R58N21Y68ZE, appium:deviceScreenDensity: 600, appium:deviceScreenSize: 1440x3200, appium:deviceUDID: R58N21Y68ZE, appium:hideKeyboard: true, appium:javascriptEnabled: true, appium:locationContextEnabled: false, appium:networkConnectionEnabled: true, appium:pixelRatio: 3.75, appium:platformVersion: 13, appium:statBarHeight: 97, appium:takesScreenshot: true, appium:viewportRect: {height: 2826, left: 0, top: 97, width: 1440}, appium:warnings: {}, appium:webStorageEnabled: false, platformName: ANDROID}
Session ID: 5950d36e-f4c4-41e0-a3f1-8b1d51d161e0">
      <![CDATA[org.openqa.selenium.NoSuchElementException: no such element: Unable to locate element: {"method":"xpath","selector":"//button[@id='confirmorder-button']"}
  (Session info: chrome=119.0.6045.163)
For documentation on this error, please visit: https://www.selenium.dev/documentation/webdriver/troubleshooting/errors#no-such-element-exception
Build info: version: '4.15.0', revision: '1d14b5521b'
System info: os.name: 'Windows 10', os.arch: 'amd64', os.version: '10.0', java.version: '17.0.7'
Driver info: io.appium.java_client.android.AndroidDriver
Command: [5950d36e-f4c4-41e0-a3f1-8b1d51d161e0, findElement {using=xpath, value=//button[@id='confirmorder-button']}]
Capabilities {appium:app: C:\Users\Admin\Desktop\Snap..., appium:appPackage: com.prado.snapapp, appium:automationName: UiAutomator2, appium:databaseEnabled: false, appium:desired: {app: C:\Users\Admin\Desktop\Snap..., automationName: UiAutomator2, deviceName: Mark, hideKeyboard: true, platformName: ANDROID}, appium:deviceApiLevel: 33, appium:deviceManufacturer: samsung, appium:deviceModel: SM-G985F, appium:deviceName: R58N21Y68ZE, appium:deviceScreenDensity: 600, appium:deviceScreenSize: 1440x3200, appium:deviceUDID: R58N21Y68ZE, appium:hideKeyboard: true, appium:javascriptEnabled: true, appium:locationContextEnabled: false, appium:networkConnectionEnabled: true, appium:pixelRatio: 3.75, appium:platformVersion: 13, appium:statBarHeight: 97, appium:takesScreenshot: true, appium:viewportRect: {height: 2826, left: 0, top: 97, width: 1440}, appium:warnings: {}, appium:webStorageEnabled: false, platformName: ANDROID}
Session ID: 5950d36e-f4c4-41e0-a3f1-8b1d51d161e0
at org.openqa.selenium.remote.codec.w3c.W3CHttpResponseCodec.createException(W3CHttpResponseCodec.java:200)
at org.openqa.selenium.remote.codec.w3c.W3CHttpResponseCodec.decode(W3CHttpResponseCodec.java:133)
at org.openqa.selenium.remote.codec.w3c.W3CHttpResponseCodec.decode(W3CHttpResponseCodec.java:52)
at org.openqa.selenium.remote.HttpCommandExecutor.execute(HttpCommandExecutor.java:191)
at io.appium.java_client.remote.AppiumCommandExecutor.execute(AppiumCommandExecutor.java:238)
at org.openqa.selenium.remote.RemoteWebDriver.execute(RemoteWebDriver.java:607)
at org.openqa.selenium.remote.ElementLocation$ElementFinder$2.findElement(ElementLocation.java:165)
at org.openqa.selenium.remote.ElementLocation.findElement(ElementLocation.java:59)
at org.openqa.selenium.remote.RemoteWebDriver.findElement(RemoteWebDriver.java:364)
at org.openqa.selenium.remote.RemoteWebDriver.findElement(RemoteWebDriver.java:358)
at SnapPass_UserTestPackage.VerifyUser_CreateSnappass_PlaceOrder.ConfrimTheOrder_and_ThankyouPage(VerifyUser_CreateSnappass_PlaceOrder.java:300)
at java.base/java.util.ArrayList.forEach(ArrayList.java:1511)
... Removed 32 stack frames]]>
    </failure>
  </testcase> <!-- ConfrimTheOrder_and_ThankyouPage -->
</testsuite> <!-- RegressionSuite -->
