<?xml version="1.0" encoding="UTF-8"?>
<!-- Generated by org.testng.reporters.JUnitXMLReporter -->
<testsuite ignored="0" hostname="DESKTOP-C7VM6JP" failures="0" tests="8" name="Guestuser-Test" time="270.315" errors="0" timestamp="2023-12-06T19:50:18 IST">
  <testcase classname="Test_Package.Sign_Up_Form_With_Valid_TestData" name="@AfterTest Verification_button" time="0.043">
    <failure type="org.openqa.selenium.NoSuchSessionException" message="A session is either terminated or not started
Build info: version: &amp;apos;4.16.0&amp;apos;, revision: &amp;apos;15400459dd*&amp;apos;
System info: os.name: &amp;apos;Windows 10&amp;apos;, os.arch: &amp;apos;amd64&amp;apos;, os.version: &amp;apos;10.0&amp;apos;, java.version: &amp;apos;17.0.7&amp;apos;
Driver info: io.appium.java_client.android.AndroidDriver
Command: [5d482842-b624-4bf5-912b-2808b7f1b559, findElement {using=xpath, value=//input[@id=&amp;apos;password-input&amp;apos;]}]
Capabilities {appium:app: C:\Users\Admin\Desktop\Snap..., appium:appPackage: com.prado.snapapp, appium:automationName: UiAutomator2, appium:databaseEnabled: false, appium:desired: {app: C:\Users\Admin\Desktop\Snap..., automationName: UiAutomator2, deviceName: Mark, hideKeyboard: true, platformName: ANDROID}, appium:deviceApiLevel: 33, appium:deviceManufacturer: samsung, appium:deviceModel: SM-G985F, appium:deviceName: R58N21Y68ZE, appium:deviceScreenDensity: 600, appium:deviceScreenSize: 1440x3200, appium:deviceUDID: R58N21Y68ZE, appium:hideKeyboard: true, appium:javascriptEnabled: true, appium:locationContextEnabled: false, appium:networkConnectionEnabled: true, appium:pixelRatio: 3.75, appium:platformVersion: 13, appium:statBarHeight: 97, appium:takesScreenshot: true, appium:viewportRect: {height: 2826, left: 0, top: 97, width: 1440}, appium:warnings: {}, appium:webStorageEnabled: false, platformName: ANDROID}
Session ID: 5d482842-b624-4bf5-912b-2808b7f1b559">
      <![CDATA[org.openqa.selenium.NoSuchSessionException: A session is either terminated or not started
Build info: version: '4.16.0', revision: '15400459dd*'
System info: os.name: 'Windows 10', os.arch: 'amd64', os.version: '10.0', java.version: '17.0.7'
Driver info: io.appium.java_client.android.AndroidDriver
Command: [5d482842-b624-4bf5-912b-2808b7f1b559, findElement {using=xpath, value=//input[@id='password-input']}]
Capabilities {appium:app: C:\Users\Admin\Desktop\Snap..., appium:appPackage: com.prado.snapapp, appium:automationName: UiAutomator2, appium:databaseEnabled: false, appium:desired: {app: C:\Users\Admin\Desktop\Snap..., automationName: UiAutomator2, deviceName: Mark, hideKeyboard: true, platformName: ANDROID}, appium:deviceApiLevel: 33, appium:deviceManufacturer: samsung, appium:deviceModel: SM-G985F, appium:deviceName: R58N21Y68ZE, appium:deviceScreenDensity: 600, appium:deviceScreenSize: 1440x3200, appium:deviceUDID: R58N21Y68ZE, appium:hideKeyboard: true, appium:javascriptEnabled: true, appium:locationContextEnabled: false, appium:networkConnectionEnabled: true, appium:pixelRatio: 3.75, appium:platformVersion: 13, appium:statBarHeight: 97, appium:takesScreenshot: true, appium:viewportRect: {height: 2826, left: 0, top: 97, width: 1440}, appium:warnings: {}, appium:webStorageEnabled: false, platformName: ANDROID}
Session ID: 5d482842-b624-4bf5-912b-2808b7f1b559
at org.openqa.selenium.remote.codec.w3c.W3CHttpResponseCodec.createException(W3CHttpResponseCodec.java:200)
at org.openqa.selenium.remote.codec.w3c.W3CHttpResponseCodec.decode(W3CHttpResponseCodec.java:133)
at org.openqa.selenium.remote.codec.w3c.W3CHttpResponseCodec.decode(W3CHttpResponseCodec.java:52)
at org.openqa.selenium.remote.HttpCommandExecutor.execute(HttpCommandExecutor.java:191)
at io.appium.java_client.remote.AppiumCommandExecutor.execute(AppiumCommandExecutor.java:238)
at org.openqa.selenium.remote.RemoteWebDriver.execute(RemoteWebDriver.java:523)
at org.openqa.selenium.remote.ElementLocation$ElementFinder$2.findElement(ElementLocation.java:165)
at org.openqa.selenium.remote.ElementLocation.findElement(ElementLocation.java:59)
at org.openqa.selenium.remote.RemoteWebDriver.findElement(RemoteWebDriver.java:360)
at org.openqa.selenium.remote.RemoteWebDriver.findElement(RemoteWebDriver.java:354)
at org.openqa.selenium.support.pagefactory.DefaultElementLocator.findElement(DefaultElementLocator.java:68)
at org.openqa.selenium.support.pagefactory.internal.LocatingElementHandler.invoke(LocatingElementHandler.java:38)
at jdk.proxy2/jdk.proxy2.$Proxy15.sendKeys(Unknown Source)
at Pom_package.Snap_Kitchen.Sign_Up_Page.Enter_Password(Sign_Up_Page.java:74)
at Test_Package.Sign_Up_Form_With_Valid_TestData.Verification_button(Sign_Up_Form_With_Valid_TestData.java:45)
... Removed 29 stack frames]]>
    </failure>
  </testcase> <!-- @AfterTest Verification_button -->
  <testcase classname="Test_Package.Zipcode_Popup_TestClass" name="select_fulfillment" time="9.769"/>
  <testcase classname="Test_Package.Test_snap_pass_Eductionalscreen" name="Snap_pass_onbordingscreen" time="8.121"/>
  <testcase classname="Test_Package.LogIn_TestClass" name="login_snap_ktichen" time="10.63"/>
  <testcase classname="Test_Package.Sign_Up_Form_With_Valid_TestData" name="Passing_credential_sign_up" time="2.264"/>
  <testcase classname="Test_Package.Categories_name_testclass" name="verify_Catergory_list" time="0.775"/>
  <testcase classname="Test_Package.Add_lunch_dinner_Product_testclass" name="verify_Catergory_list" time="1.322"/>
  <testcase classname="Test_Package.Add_Product_into_cart_Page_testclass" name="add_product_cart" time="16.337"/>
  <testcase classname="Test_Package.Add_to_Cart_Button_testclass" name="product_details" time="9.802"/>
</testsuite> <!-- Guestuser-Test -->
