<?xml version="1.0" encoding="UTF-8"?>
<!-- Generated by org.testng.reporters.JUnitXMLReporter -->
<testsuite ignored="0" hostname="DESKTOP-C7VM6JP" failures="1" tests="16" name="Preorder-Test" time="490.616" errors="0" timestamp="2023-12-06T17:55:21 IST">
  <testcase classname="PerorderPickup_Testclass.PikupFlow_ChekoutInfo_page1_Testclass" name="VerifyCheckoutInfoPage" time="43.86"/>
  <testcase classname="PerorderPickup_Testclass.PikupFlow_ChekoutInfo_page2_Testclass" name="verifyCheckoutPage2" time="31.419"/>
  <testcase classname="PerorderPickup_Testclass.Pickup_Select_InstockItems_Cart_Testclass" name="VerifyCheckoutInfoPage" time="25.777"/>
  <testcase classname="PerorderPickup_Testclass.ProrderProduct_PlacedByUser_Testclass" name="PlaceOrderFromCheckoutToThankyouPage" time="25.811">
    <failure type="org.openqa.selenium.ElementClickInterceptedException" message="element click intercepted: Element &amp;lt;input _ngcontent-ng-c3402355277=&amp;quot;&amp;quot; placeholder=&amp;quot;Select Pickup Time&amp;quot; readonly=&amp;quot;&amp;quot; class=&amp;quot;ng-untouched ng-pristine ng-invalid&amp;quot; required=&amp;quot;&amp;quot;&amp;gt; is not clickable at point (192, 140). Other element would receive the click: &amp;lt;div _ngcontent-ng-c4243208048=&amp;quot;&amp;quot; class=&amp;quot;bottom-pusher&amp;quot;&amp;gt;&amp;lt;/div&amp;gt;
  (Session info: chrome=119.0.6045.193)
Build info: version: &amp;apos;4.16.0&amp;apos;, revision: &amp;apos;15400459dd*&amp;apos;
System info: os.name: &amp;apos;Windows 10&amp;apos;, os.arch: &amp;apos;amd64&amp;apos;, os.version: &amp;apos;10.0&amp;apos;, java.version: &amp;apos;17.0.7&amp;apos;
Driver info: io.appium.java_client.android.AndroidDriver
Command: [3db9577d-9614-4868-a99e-87f8c901ae8c, clickElement {id=99C88125EBDDB0527A9005CE43E371A6_element_1745}]
Capabilities {appium:app: C:\Users\Admin\Desktop\Snap..., appium:appPackage: com.prado.snapapp, appium:automationName: UiAutomator2, appium:databaseEnabled: false, appium:desired: {app: C:\Users\Admin\Desktop\Snap..., automationName: UiAutomator2, deviceName: Mark, hideKeyboard: true, platformName: ANDROID}, appium:deviceApiLevel: 33, appium:deviceManufacturer: samsung, appium:deviceModel: SM-G985F, appium:deviceName: R58N21Y68ZE, appium:deviceScreenDensity: 600, appium:deviceScreenSize: 1440x3200, appium:deviceUDID: R58N21Y68ZE, appium:hideKeyboard: true, appium:javascriptEnabled: true, appium:locationContextEnabled: false, appium:networkConnectionEnabled: true, appium:pixelRatio: 3.75, appium:platformVersion: 13, appium:statBarHeight: 97, appium:takesScreenshot: true, appium:viewportRect: {height: 2826, left: 0, top: 97, width: 1440}, appium:warnings: {}, appium:webStorageEnabled: false, platformName: ANDROID}
Element: [[AndroidDriver:  on ANDROID (3db9577d-9614-4868-a99e-87f8c901ae8c)] -&amp;gt; xpath: //input[@placeholder=&amp;quot;Select Pickup Time&amp;quot;]]
Session ID: 3db9577d-9614-4868-a99e-87f8c901ae8c">
      <![CDATA[org.openqa.selenium.ElementClickInterceptedException: element click intercepted: Element <input _ngcontent-ng-c3402355277="" placeholder="Select Pickup Time" readonly="" class="ng-untouched ng-pristine ng-invalid" required=""> is not clickable at point (192, 140). Other element would receive the click: <div _ngcontent-ng-c4243208048="" class="bottom-pusher"></div>
  (Session info: chrome=119.0.6045.193)
Build info: version: '4.16.0', revision: '15400459dd*'
System info: os.name: 'Windows 10', os.arch: 'amd64', os.version: '10.0', java.version: '17.0.7'
Driver info: io.appium.java_client.android.AndroidDriver
Command: [3db9577d-9614-4868-a99e-87f8c901ae8c, clickElement {id=99C88125EBDDB0527A9005CE43E371A6_element_1745}]
Capabilities {appium:app: C:\Users\Admin\Desktop\Snap..., appium:appPackage: com.prado.snapapp, appium:automationName: UiAutomator2, appium:databaseEnabled: false, appium:desired: {app: C:\Users\Admin\Desktop\Snap..., automationName: UiAutomator2, deviceName: Mark, hideKeyboard: true, platformName: ANDROID}, appium:deviceApiLevel: 33, appium:deviceManufacturer: samsung, appium:deviceModel: SM-G985F, appium:deviceName: R58N21Y68ZE, appium:deviceScreenDensity: 600, appium:deviceScreenSize: 1440x3200, appium:deviceUDID: R58N21Y68ZE, appium:hideKeyboard: true, appium:javascriptEnabled: true, appium:locationContextEnabled: false, appium:networkConnectionEnabled: true, appium:pixelRatio: 3.75, appium:platformVersion: 13, appium:statBarHeight: 97, appium:takesScreenshot: true, appium:viewportRect: {height: 2826, left: 0, top: 97, width: 1440}, appium:warnings: {}, appium:webStorageEnabled: false, platformName: ANDROID}
Element: [[AndroidDriver:  on ANDROID (3db9577d-9614-4868-a99e-87f8c901ae8c)] -> xpath: //input[@placeholder="Select Pickup Time"]]
Session ID: 3db9577d-9614-4868-a99e-87f8c901ae8c
at org.openqa.selenium.remote.codec.w3c.W3CHttpResponseCodec.createException(W3CHttpResponseCodec.java:200)
at org.openqa.selenium.remote.codec.w3c.W3CHttpResponseCodec.decode(W3CHttpResponseCodec.java:133)
at org.openqa.selenium.remote.codec.w3c.W3CHttpResponseCodec.decode(W3CHttpResponseCodec.java:52)
at org.openqa.selenium.remote.HttpCommandExecutor.execute(HttpCommandExecutor.java:191)
at io.appium.java_client.remote.AppiumCommandExecutor.execute(AppiumCommandExecutor.java:238)
at org.openqa.selenium.remote.RemoteWebDriver.execute(RemoteWebDriver.java:523)
at org.openqa.selenium.remote.RemoteWebElement.execute(RemoteWebElement.java:224)
at org.openqa.selenium.remote.RemoteWebElement.click(RemoteWebElement.java:77)
at org.openqa.selenium.support.pagefactory.internal.LocatingElementHandler.invoke(LocatingElementHandler.java:51)
at jdk.proxy2/jdk.proxy2.$Proxy13.click(Unknown Source)
at Pickup_Preorder_Pom.Pikup_Checkoutinformation_page.OpenPickupTime(Pikup_Checkoutinformation_page.java:97)
at PerorderPickup_Testclass.ProrderProduct_PlacedByUser_Testclass.PlaceOrderFromCheckoutToThankyouPage(ProrderProduct_PlacedByUser_Testclass.java:153)
at java.base/java.util.ArrayList.forEach(ArrayList.java:1511)
... Removed 35 stack frames]]>
    </failure>
  </testcase> <!-- PlaceOrderFromCheckoutToThankyouPage -->
  <testcase classname="PerorderPickup_Testclass.VerifyPlacePreorderProduct_CreateSnapPassOrderTestclass" name="closeSession" time="0.578"/>
  <testcase classname="PerorderPickup_Testclass.VerifyPlacePreorderProduct_CreateSnapPassOrderTestclass" name="Start_appium" time="15.744"/>
  <testcase classname="PerorderPickup_Testclass.VerifyPlacePreorderProduct_CreateSnapPassOrderTestclass" name="LoginUser" time="16.966"/>
  <testcase classname="PerorderPickup_Testclass.VerifyPlacePreorderProduct_CreateSnapPassOrderTestclass" name="verify_Catergory_list" time="22.177"/>
  <testcase classname="PerorderPickup_Testclass.VerifyPlacePreorderProduct_CreateSnapPassOrderTestclass" name="VerifySchdeuleYourPopup" time="12.608"/>
  <testcase classname="PerorderPickup_Testclass.VerifyPlacePreorderProduct_CreateSnapPassOrderTestclass" name="VerifyCheckoutInformationPage" time="3.396"/>
  <testcase classname="PerorderPickup_Testclass.VerifyPlacePreorderProduct_CreateSnapPassOrderTestclass" name="SelectPickupDate_PickupTime" time="14.47"/>
  <testcase classname="PerorderPickup_Testclass.VerifyPlacePreorderProduct_CreateSnapPassOrderTestclass" name="SelectPickupFreqency_And_EnterSnapPassName" time="8.327"/>
  <testcase classname="PerorderPickup_Testclass.VerifyPlacePreorderProduct_CreateSnapPassOrderTestclass" name="Verify_And_Selecting_LoyaltyPoints_From_Disccount_Frame" time="2.82"/>
  <testcase classname="PerorderPickup_Testclass.VerifyPlacePreorderProduct_CreateSnapPassOrderTestclass" name="VerifyPaymentMethodFrame_And_Select_PaymentMethod" time="10.423"/>
  <testcase classname="PerorderPickup_Testclass.VerifyPlacePreorderProduct_CreateSnapPassOrderTestclass" name="CheckThePageInfo_And_check_TermsConditons" time="2.846"/>
  <testcase classname="PerorderPickup_Testclass.VerifyPlacePreorderProduct_CreateSnapPassOrderTestclass" name="ConfrimTheOrder_and_ThankyouPage" time="11.314"/>
</testsuite> <!-- Preorder-Test -->
